<?xml version="1.0" encoding="UTF-8"?>
<testng-results ignored="0" total="1" passed="1" failed="0" skipped="0">
  <reporter-output>
  </reporter-output>
  <suite started-at="2021-06-28T23:03:47Z" name="Default suite" finished-at="2021-06-28T23:03:49Z" duration-ms="1670">
    <groups>
    </groups>
    <test started-at="2021-06-28T23:03:47Z" name="Default test" finished-at="2021-06-28T23:03:49Z" duration-ms="1670">
      <class name="testCases.Put_Or_Update_A_Product">
        <test-method signature="Create_A_Product()[pri:0, instance:testCases.Put_Or_Update_A_Product@1ef6d34c]" started-at="2021-06-28T23:03:47Z" name="Create_A_Product" finished-at="2021-06-28T23:03:49Z" duration-ms="1652" status="PASS">
          <reporter-output>
          </reporter-output>
        </test-method> <!-- Create_A_Product -->
      </class> <!-- testCases.Put_Or_Update_A_Product -->
    </test> <!-- Default test -->
  </suite> <!-- Default suite -->
</testng-results>
